#-----------------------------------------------------------
# Vivado v2019.1 (64-bit)
# SW Build 2552052 on Fri May 24 14:49:42 MDT 2019
# IP Build 2548770 on Fri May 24 18:01:18 MDT 2019
# Start of session at: Thu Mar  4 21:19:29 2021
# Process ID: 8552
# Current directory: D:/CELab2/ARM-Pipeline-Processor
# Command line: vivado.exe -gui_launcher_event rodinguilauncherevent22560 D:\CELab2\ARM-Pipeline-Processor\ARM-Pipeline-Processor.xpr
# Log file: D:/CELab2/ARM-Pipeline-Processor/vivado.log
# Journal file: D:/CELab2/ARM-Pipeline-Processor\vivado.jou
#-----------------------------------------------------------
start_gui
open_project D:/CELab2/ARM-Pipeline-Processor/ARM-Pipeline-Processor.xpr
Scanning sources...
Finished scanning sources
INFO: [IP_Flow 19-234] Refreshing IP repositories
INFO: [IP_Flow 19-1704] No user IP repositories specified
INFO: [IP_Flow 19-2313] Loaded Vivado IP repository 'D:/Xilinx/Vivado/2019.1/data/ip'.
open_project: Time (s): cpu = 00:00:12 ; elapsed = 00:00:09 . Memory (MB): peak = 668.973 ; gain = 77.668
update_compile_order -fileset sources_1
close [ open D:/CELab2/ARM-Pipeline-Processor/ARM-Pipeline-Processor.srcs/sources_1/new/MEM_WB.v w ]
add_files D:/CELab2/ARM-Pipeline-Processor/ARM-Pipeline-Processor.srcs/sources_1/new/MEM_WB.v
close [ open D:/CELab2/ARM-Pipeline-Processor/ARM-Pipeline-Processor.srcs/sources_1/new/IF_ID.v w ]
add_files D:/CELab2/ARM-Pipeline-Processor/ARM-Pipeline-Processor.srcs/sources_1/new/IF_ID.v
close [ open D:/CELab2/ARM-Pipeline-Processor/ARM-Pipeline-Processor.srcs/sources_1/new/EX_MEM.v w ]
add_files D:/CELab2/ARM-Pipeline-Processor/ARM-Pipeline-Processor.srcs/sources_1/new/EX_MEM.v
close [ open D:/CELab2/ARM-Pipeline-Processor/ARM-Pipeline-Processor.srcs/sources_1/new/ID_EX.v w ]
add_files D:/CELab2/ARM-Pipeline-Processor/ARM-Pipeline-Processor.srcs/sources_1/new/ID_EX.v
update_compile_order -fileset sources_1
launch_simulation
INFO: [Vivado 12-5682] Launching behavioral simulation in 'D:/CELab2/ARM-Pipeline-Processor/ARM-Pipeline-Processor.sim/sim_1/behav/xsim'
INFO: [SIM-utils-51] Simulation object is 'sim_1'
INFO: [SIM-utils-54] Inspecting design source files for 'testbench' in fileset 'sim_1'...
INFO: [USF-XSim-97] Finding global include files...
INFO: [USF-XSim-98] Fetching design files from 'sim_1'...
INFO: [USF-XSim-2] XSim::Compile design
INFO: [USF-XSim-61] Executing 'COMPILE and ANALYZE' step in 'D:/CELab2/ARM-Pipeline-Processor/ARM-Pipeline-Processor.sim/sim_1/behav/xsim'
"xvlog --incr --relax -prj testbench_vlog.prj"
INFO: [VRFC 10-2263] Analyzing Verilog file "D:/CELab2/ARM-Pipeline-Processor/ARM-Pipeline-Processor.srcs/sources_1/new/PC.v" into library xil_defaultlib
INFO: [VRFC 10-311] analyzing module PC
INFO: [VRFC 10-2263] Analyzing Verilog file "D:/CELab2/ARM-Pipeline-Processor/ARM-Pipeline-Processor.srcs/sources_1/new/add.v" into library xil_defaultlib
INFO: [VRFC 10-311] analyzing module Add
INFO: [VRFC 10-2263] Analyzing Verilog file "D:/CELab2/ARM-Pipeline-Processor/ARM-Pipeline-Processor.srcs/sources_1/new/datapath.v" into library xil_defaultlib
INFO: [VRFC 10-311] analyzing module Datapath
INFO: [VRFC 10-2263] Analyzing Verilog file "D:/CELab2/ARM-Pipeline-Processor/ARM-Pipeline-Processor.srcs/sources_1/new/dm.v" into library xil_defaultlib
INFO: [VRFC 10-311] analyzing module DM
INFO: [VRFC 10-2263] Analyzing Verilog file "D:/CELab2/ARM-Pipeline-Processor/ARM-Pipeline-Processor.srcs/sources_1/new/im.v" into library xil_defaultlib
INFO: [VRFC 10-311] analyzing module IM
INFO: [VRFC 10-2263] Analyzing Verilog file "D:/CELab2/ARM-Pipeline-Processor/ARM-Pipeline-Processor.srcs/sources_1/new/mux.v" into library xil_defaultlib
INFO: [VRFC 10-311] analyzing module Mux
INFO: [VRFC 10-2263] Analyzing Verilog file "D:/CELab2/ARM-Pipeline-Processor/ARM-Pipeline-Processor.srcs/sim_1/new/testbench.v" into library xil_defaultlib
INFO: [VRFC 10-311] analyzing module testbench
INFO: [USF-XSim-69] 'compile' step finished in '2' seconds
INFO: [USF-XSim-3] XSim::Elaborate design
INFO: [USF-XSim-61] Executing 'ELABORATE' step in 'D:/CELab2/ARM-Pipeline-Processor/ARM-Pipeline-Processor.sim/sim_1/behav/xsim'
"xelab -wto 415f347581a647f1a1f997d4d2decdd0 --incr --debug typical --relax --mt 2 -L xil_defaultlib -L unisims_ver -L unimacro_ver -L secureip --snapshot testbench_behav xil_defaultlib.testbench xil_defaultlib.glbl -log elaborate.log"
Vivado Simulator 2019.1
Copyright 1986-1999, 2001-2019 Xilinx, Inc. All Rights Reserved.
Running: D:/Xilinx/Vivado/2019.1/bin/unwrapped/win64.o/xelab.exe -wto 415f347581a647f1a1f997d4d2decdd0 --incr --debug typical --relax --mt 2 -L xil_defaultlib -L unisims_ver -L unimacro_ver -L secureip --snapshot testbench_behav xil_defaultlib.testbench xil_defaultlib.glbl -log elaborate.log 
Using 2 slave threads.
Starting static elaboration
WARNING: [VRFC 10-3091] actual bit length 64 differs from formal bit length 32 for port 'DMAddress' [D:/CELab2/ARM-Pipeline-Processor/ARM-Pipeline-Processor.srcs/sim_1/new/testbench.v:85]
WARNING: [VRFC 10-3091] actual bit length 32 differs from formal bit length 1 for port 'selector' [D:/CELab2/ARM-Pipeline-Processor/ARM-Pipeline-Processor.srcs/sources_1/new/datapath.v:55]
Completed static elaboration
Starting simulation data flow analysis
Completed simulation data flow analysis
Time Resolution for simulation is 1ps
Compiling module xil_defaultlib.IM
Compiling module xil_defaultlib.DM
Compiling module xil_defaultlib.Mux
Compiling module xil_defaultlib.Add
Compiling module xil_defaultlib.PC
Compiling module xil_defaultlib.Datapath
Compiling module xil_defaultlib.testbench
Compiling module xil_defaultlib.glbl
Built simulation snapshot testbench_behav

****** Webtalk v2019.1 (64-bit)
  **** SW Build 2552052 on Fri May 24 14:49:42 MDT 2019
  **** IP Build 2548770 on Fri May 24 18:01:18 MDT 2019
    ** Copyright 1986-2019 Xilinx, Inc. All Rights Reserved.

source D:/CELab2/ARM-Pipeline-Processor/ARM-Pipeline-Processor.sim/sim_1/behav/xsim/xsim.dir/testbench_behav/webtalk/xsim_webtalk.tcl -notrace
INFO: [Common 17-186] 'D:/CELab2/ARM-Pipeline-Processor/ARM-Pipeline-Processor.sim/sim_1/behav/xsim/xsim.dir/testbench_behav/webtalk/usage_statistics_ext_xsim.xml' has been successfully sent to Xilinx on Thu Mar  4 21:44:14 2021. For additional details about this file, please refer to the WebTalk help file at D:/Xilinx/Vivado/2019.1/doc/webtalk_introduction.html.
INFO: [Common 17-206] Exiting Webtalk at Thu Mar  4 21:44:14 2021...
run_program: Time (s): cpu = 00:00:01 ; elapsed = 00:00:11 . Memory (MB): peak = 687.855 ; gain = 0.000
INFO: [USF-XSim-69] 'elaborate' step finished in '12' seconds
INFO: [USF-XSim-4] XSim::Simulate design
INFO: [USF-XSim-61] Executing 'SIMULATE' step in 'D:/CELab2/ARM-Pipeline-Processor/ARM-Pipeline-Processor.sim/sim_1/behav/xsim'
INFO: [USF-XSim-98] *** Running xsim
   with args "testbench_behav -key {Behavioral:sim_1:Functional:testbench} -tclbatch {testbench.tcl} -view {D:/CELab2/ARM-Pipeline-Processor/testbench_behav.wcfg} -log {simulate.log}"
INFO: [USF-XSim-8] Loading simulator feature
Vivado Simulator 2019.1
Time resolution is 1 ps
open_wave_config D:/CELab2/ARM-Pipeline-Processor/testbench_behav.wcfg
source testbench.tcl
# set curr_wave [current_wave_config]
# if { [string length $curr_wave] == 0 } {
#   if { [llength [get_objects]] > 0} {
#     add_wave /
#     set_property needs_save false [current_wave_config]
#   } else {
#      send_msg_id Add_Wave-1 WARNING "No top level signals found. Simulator will start without a wave window. If you want to open a wave window go to 'File->New Waveform Configuration' or type 'create_wave_config' in the TCL console."
#   }
# }
# run 1000ns
ERROR: Out of bounds address specified in datafile. Read terminated.
ERROR: Out of bounds address specified in datafile. Read terminated.
INFO: [USF-XSim-96] XSim completed. Design snapshot 'testbench_behav' loaded.
INFO: [USF-XSim-97] XSim simulation ran for 1000ns
launch_simulation: Time (s): cpu = 00:00:12 ; elapsed = 00:00:20 . Memory (MB): peak = 701.246 ; gain = 13.391
close_sim
INFO: [Simtcl 6-16] Simulation closed
close_sim: Time (s): cpu = 00:00:02 ; elapsed = 00:00:06 . Memory (MB): peak = 735.645 ; gain = 0.000
launch_simulation
INFO: [Vivado 12-5682] Launching behavioral simulation in 'D:/CELab2/ARM-Pipeline-Processor/ARM-Pipeline-Processor.sim/sim_1/behav/xsim'
INFO: [SIM-utils-51] Simulation object is 'sim_1'
INFO: [SIM-utils-54] Inspecting design source files for 'testbench' in fileset 'sim_1'...
INFO: [USF-XSim-97] Finding global include files...
INFO: [USF-XSim-98] Fetching design files from 'sim_1'...
INFO: [USF-XSim-2] XSim::Compile design
INFO: [USF-XSim-61] Executing 'COMPILE and ANALYZE' step in 'D:/CELab2/ARM-Pipeline-Processor/ARM-Pipeline-Processor.sim/sim_1/behav/xsim'
"xvlog --incr --relax -prj testbench_vlog.prj"
INFO: [VRFC 10-2263] Analyzing Verilog file "D:/CELab2/ARM-Pipeline-Processor/ARM-Pipeline-Processor.srcs/sources_1/new/PC.v" into library xil_defaultlib
INFO: [VRFC 10-311] analyzing module PC
INFO: [VRFC 10-2263] Analyzing Verilog file "D:/CELab2/ARM-Pipeline-Processor/ARM-Pipeline-Processor.srcs/sources_1/new/add.v" into library xil_defaultlib
INFO: [VRFC 10-311] analyzing module Add
INFO: [VRFC 10-2263] Analyzing Verilog file "D:/CELab2/ARM-Pipeline-Processor/ARM-Pipeline-Processor.srcs/sources_1/new/datapath.v" into library xil_defaultlib
INFO: [VRFC 10-311] analyzing module Datapath
INFO: [VRFC 10-2263] Analyzing Verilog file "D:/CELab2/ARM-Pipeline-Processor/ARM-Pipeline-Processor.srcs/sources_1/new/dm.v" into library xil_defaultlib
INFO: [VRFC 10-311] analyzing module DM
INFO: [VRFC 10-2263] Analyzing Verilog file "D:/CELab2/ARM-Pipeline-Processor/ARM-Pipeline-Processor.srcs/sources_1/new/im.v" into library xil_defaultlib
INFO: [VRFC 10-311] analyzing module IM
INFO: [VRFC 10-2263] Analyzing Verilog file "D:/CELab2/ARM-Pipeline-Processor/ARM-Pipeline-Processor.srcs/sources_1/new/mux.v" into library xil_defaultlib
INFO: [VRFC 10-311] analyzing module Mux
INFO: [VRFC 10-2263] Analyzing Verilog file "D:/CELab2/ARM-Pipeline-Processor/ARM-Pipeline-Processor.srcs/sim_1/new/testbench.v" into library xil_defaultlib
INFO: [VRFC 10-311] analyzing module testbench
INFO: [USF-XSim-69] 'compile' step finished in '2' seconds
INFO: [USF-XSim-3] XSim::Elaborate design
INFO: [USF-XSim-61] Executing 'ELABORATE' step in 'D:/CELab2/ARM-Pipeline-Processor/ARM-Pipeline-Processor.sim/sim_1/behav/xsim'
"xelab -wto 415f347581a647f1a1f997d4d2decdd0 --incr --debug typical --relax --mt 2 -L xil_defaultlib -L unisims_ver -L unimacro_ver -L secureip --snapshot testbench_behav xil_defaultlib.testbench xil_defaultlib.glbl -log elaborate.log"
Vivado Simulator 2019.1
Copyright 1986-1999, 2001-2019 Xilinx, Inc. All Rights Reserved.
Running: D:/Xilinx/Vivado/2019.1/bin/unwrapped/win64.o/xelab.exe -wto 415f347581a647f1a1f997d4d2decdd0 --incr --debug typical --relax --mt 2 -L xil_defaultlib -L unisims_ver -L unimacro_ver -L secureip --snapshot testbench_behav xil_defaultlib.testbench xil_defaultlib.glbl -log elaborate.log 
Using 2 slave threads.
Starting static elaboration
WARNING: [VRFC 10-3091] actual bit length 64 differs from formal bit length 32 for port 'DMAddress' [D:/CELab2/ARM-Pipeline-Processor/ARM-Pipeline-Processor.srcs/sim_1/new/testbench.v:85]
WARNING: [VRFC 10-3091] actual bit length 32 differs from formal bit length 1 for port 'selector' [D:/CELab2/ARM-Pipeline-Processor/ARM-Pipeline-Processor.srcs/sources_1/new/datapath.v:56]
Completed static elaboration
Starting simulation data flow analysis
Completed simulation data flow analysis
Time Resolution for simulation is 1ps
Compiling module xil_defaultlib.IM
Compiling module xil_defaultlib.DM
Compiling module xil_defaultlib.Mux
Compiling module xil_defaultlib.Add
Compiling module xil_defaultlib.PC
Compiling module xil_defaultlib.Datapath
Compiling module xil_defaultlib.testbench
Compiling module xil_defaultlib.glbl
Built simulation snapshot testbench_behav
INFO: [USF-XSim-69] 'elaborate' step finished in '2' seconds
INFO: [USF-XSim-4] XSim::Simulate design
INFO: [USF-XSim-61] Executing 'SIMULATE' step in 'D:/CELab2/ARM-Pipeline-Processor/ARM-Pipeline-Processor.sim/sim_1/behav/xsim'
INFO: [USF-XSim-98] *** Running xsim
   with args "testbench_behav -key {Behavioral:sim_1:Functional:testbench} -tclbatch {testbench.tcl} -view {D:/CELab2/ARM-Pipeline-Processor/testbench_behav.wcfg} -log {simulate.log}"
INFO: [USF-XSim-8] Loading simulator feature
Vivado Simulator 2019.1
Time resolution is 1 ps
open_wave_config D:/CELab2/ARM-Pipeline-Processor/testbench_behav.wcfg
source testbench.tcl
# set curr_wave [current_wave_config]
# if { [string length $curr_wave] == 0 } {
#   if { [llength [get_objects]] > 0} {
#     add_wave /
#     set_property needs_save false [current_wave_config]
#   } else {
#      send_msg_id Add_Wave-1 WARNING "No top level signals found. Simulator will start without a wave window. If you want to open a wave window go to 'File->New Waveform Configuration' or type 'create_wave_config' in the TCL console."
#   }
# }
# run 1000ns
ERROR: Out of bounds address specified in datafile. Read terminated.
ERROR: Out of bounds address specified in datafile. Read terminated.
INFO: [USF-XSim-96] XSim completed. Design snapshot 'testbench_behav' loaded.
INFO: [USF-XSim-97] XSim simulation ran for 1000ns
launch_simulation: Time (s): cpu = 00:00:06 ; elapsed = 00:00:07 . Memory (MB): peak = 735.645 ; gain = 0.000
run all
run: Time (s): cpu = 00:00:08 ; elapsed = 00:00:06 . Memory (MB): peak = 735.645 ; gain = 0.000
close_sim
INFO: [Simtcl 6-16] Simulation closed
launch_simulation
INFO: [Vivado 12-5682] Launching behavioral simulation in 'D:/CELab2/ARM-Pipeline-Processor/ARM-Pipeline-Processor.sim/sim_1/behav/xsim'
INFO: [SIM-utils-51] Simulation object is 'sim_1'
INFO: [SIM-utils-54] Inspecting design source files for 'testbench' in fileset 'sim_1'...
INFO: [USF-XSim-97] Finding global include files...
INFO: [USF-XSim-98] Fetching design files from 'sim_1'...
INFO: [USF-XSim-2] XSim::Compile design
INFO: [USF-XSim-61] Executing 'COMPILE and ANALYZE' step in 'D:/CELab2/ARM-Pipeline-Processor/ARM-Pipeline-Processor.sim/sim_1/behav/xsim'
"xvlog --incr --relax -prj testbench_vlog.prj"
INFO: [VRFC 10-2263] Analyzing Verilog file "D:/CELab2/ARM-Pipeline-Processor/ARM-Pipeline-Processor.srcs/sources_1/new/PC.v" into library xil_defaultlib
INFO: [VRFC 10-311] analyzing module PC
INFO: [VRFC 10-2263] Analyzing Verilog file "D:/CELab2/ARM-Pipeline-Processor/ARM-Pipeline-Processor.srcs/sources_1/new/add.v" into library xil_defaultlib
INFO: [VRFC 10-311] analyzing module Add
INFO: [VRFC 10-2263] Analyzing Verilog file "D:/CELab2/ARM-Pipeline-Processor/ARM-Pipeline-Processor.srcs/sources_1/new/datapath.v" into library xil_defaultlib
INFO: [VRFC 10-311] analyzing module Datapath
INFO: [VRFC 10-2263] Analyzing Verilog file "D:/CELab2/ARM-Pipeline-Processor/ARM-Pipeline-Processor.srcs/sources_1/new/dm.v" into library xil_defaultlib
INFO: [VRFC 10-311] analyzing module DM
INFO: [VRFC 10-2263] Analyzing Verilog file "D:/CELab2/ARM-Pipeline-Processor/ARM-Pipeline-Processor.srcs/sources_1/new/im.v" into library xil_defaultlib
INFO: [VRFC 10-311] analyzing module IM
INFO: [VRFC 10-2263] Analyzing Verilog file "D:/CELab2/ARM-Pipeline-Processor/ARM-Pipeline-Processor.srcs/sources_1/new/mux.v" into library xil_defaultlib
INFO: [VRFC 10-311] analyzing module Mux
INFO: [VRFC 10-2263] Analyzing Verilog file "D:/CELab2/ARM-Pipeline-Processor/ARM-Pipeline-Processor.srcs/sim_1/new/testbench.v" into library xil_defaultlib
INFO: [VRFC 10-311] analyzing module testbench
INFO: [USF-XSim-69] 'compile' step finished in '2' seconds
INFO: [USF-XSim-3] XSim::Elaborate design
INFO: [USF-XSim-61] Executing 'ELABORATE' step in 'D:/CELab2/ARM-Pipeline-Processor/ARM-Pipeline-Processor.sim/sim_1/behav/xsim'
"xelab -wto 415f347581a647f1a1f997d4d2decdd0 --incr --debug typical --relax --mt 2 -L xil_defaultlib -L unisims_ver -L unimacro_ver -L secureip --snapshot testbench_behav xil_defaultlib.testbench xil_defaultlib.glbl -log elaborate.log"
Vivado Simulator 2019.1
Copyright 1986-1999, 2001-2019 Xilinx, Inc. All Rights Reserved.
Running: D:/Xilinx/Vivado/2019.1/bin/unwrapped/win64.o/xelab.exe -wto 415f347581a647f1a1f997d4d2decdd0 --incr --debug typical --relax --mt 2 -L xil_defaultlib -L unisims_ver -L unimacro_ver -L secureip --snapshot testbench_behav xil_defaultlib.testbench xil_defaultlib.glbl -log elaborate.log 
Using 2 slave threads.
Starting static elaboration
WARNING: [VRFC 10-3091] actual bit length 64 differs from formal bit length 32 for port 'DMAddress' [D:/CELab2/ARM-Pipeline-Processor/ARM-Pipeline-Processor.srcs/sim_1/new/testbench.v:85]
WARNING: [VRFC 10-3091] actual bit length 32 differs from formal bit length 1 for port 'selector' [D:/CELab2/ARM-Pipeline-Processor/ARM-Pipeline-Processor.srcs/sources_1/new/datapath.v:56]
Completed static elaboration
Starting simulation data flow analysis
Completed simulation data flow analysis
Time Resolution for simulation is 1ps
Compiling module xil_defaultlib.IM
Compiling module xil_defaultlib.DM
Compiling module xil_defaultlib.Mux
Compiling module xil_defaultlib.Add
Compiling module xil_defaultlib.PC
Compiling module xil_defaultlib.Datapath
Compiling module xil_defaultlib.testbench
Compiling module xil_defaultlib.glbl
Built simulation snapshot testbench_behav
INFO: [USF-XSim-69] 'elaborate' step finished in '2' seconds
INFO: [USF-XSim-4] XSim::Simulate design
INFO: [USF-XSim-61] Executing 'SIMULATE' step in 'D:/CELab2/ARM-Pipeline-Processor/ARM-Pipeline-Processor.sim/sim_1/behav/xsim'
INFO: [USF-XSim-98] *** Running xsim
   with args "testbench_behav -key {Behavioral:sim_1:Functional:testbench} -tclbatch {testbench.tcl} -view {D:/CELab2/ARM-Pipeline-Processor/testbench_behav.wcfg} -log {simulate.log}"
INFO: [USF-XSim-8] Loading simulator feature
Vivado Simulator 2019.1
Time resolution is 1 ps
open_wave_config D:/CELab2/ARM-Pipeline-Processor/testbench_behav.wcfg
source testbench.tcl
# set curr_wave [current_wave_config]
# if { [string length $curr_wave] == 0 } {
#   if { [llength [get_objects]] > 0} {
#     add_wave /
#     set_property needs_save false [current_wave_config]
#   } else {
#      send_msg_id Add_Wave-1 WARNING "No top level signals found. Simulator will start without a wave window. If you want to open a wave window go to 'File->New Waveform Configuration' or type 'create_wave_config' in the TCL console."
#   }
# }
# run 1000ns
ERROR: Out of bounds address specified in datafile. Read terminated.
ERROR: Out of bounds address specified in datafile. Read terminated.
FATAL_ERROR: Iteration limit 10000 is reached. Possible zero delay oscillation detected where simulation time can not advance. Please check your source code. Note that the iteration limit can be changed using switch -maxdeltaid.
Time: 10 ns  Iteration: 10000
INFO: [USF-XSim-96] XSim completed. Design snapshot 'testbench_behav' loaded.
INFO: [USF-XSim-97] XSim simulation ran for 1000ns
launch_simulation: Time (s): cpu = 00:00:05 ; elapsed = 00:00:07 . Memory (MB): peak = 735.645 ; gain = 0.000
run .1 ms
ERROR: [Simulator 45-1] A fatal run-time error was detected.  Simulation cannot continue.
run .1 ms
ERROR: [Simulator 45-1] A fatal run-time error was detected.  Simulation cannot continue.
run 100 ns
ERROR: [Simulator 45-1] A fatal run-time error was detected.  Simulation cannot continue.
close_sim
INFO: [Simtcl 6-16] Simulation closed
launch_simulation
INFO: [Vivado 12-5682] Launching behavioral simulation in 'D:/CELab2/ARM-Pipeline-Processor/ARM-Pipeline-Processor.sim/sim_1/behav/xsim'
INFO: [SIM-utils-51] Simulation object is 'sim_1'
INFO: [SIM-utils-54] Inspecting design source files for 'testbench' in fileset 'sim_1'...
INFO: [USF-XSim-97] Finding global include files...
INFO: [USF-XSim-98] Fetching design files from 'sim_1'...
INFO: [USF-XSim-2] XSim::Compile design
INFO: [USF-XSim-61] Executing 'COMPILE and ANALYZE' step in 'D:/CELab2/ARM-Pipeline-Processor/ARM-Pipeline-Processor.sim/sim_1/behav/xsim'
"xvlog --incr --relax -prj testbench_vlog.prj"
INFO: [VRFC 10-2263] Analyzing Verilog file "D:/CELab2/ARM-Pipeline-Processor/ARM-Pipeline-Processor.srcs/sources_1/new/PC.v" into library xil_defaultlib
INFO: [VRFC 10-311] analyzing module PC
INFO: [VRFC 10-2263] Analyzing Verilog file "D:/CELab2/ARM-Pipeline-Processor/ARM-Pipeline-Processor.srcs/sources_1/new/add.v" into library xil_defaultlib
INFO: [VRFC 10-311] analyzing module Add
INFO: [VRFC 10-2263] Analyzing Verilog file "D:/CELab2/ARM-Pipeline-Processor/ARM-Pipeline-Processor.srcs/sources_1/new/datapath.v" into library xil_defaultlib
INFO: [VRFC 10-311] analyzing module Datapath
INFO: [VRFC 10-2263] Analyzing Verilog file "D:/CELab2/ARM-Pipeline-Processor/ARM-Pipeline-Processor.srcs/sources_1/new/dm.v" into library xil_defaultlib
INFO: [VRFC 10-311] analyzing module DM
INFO: [VRFC 10-2263] Analyzing Verilog file "D:/CELab2/ARM-Pipeline-Processor/ARM-Pipeline-Processor.srcs/sources_1/new/im.v" into library xil_defaultlib
INFO: [VRFC 10-311] analyzing module IM
INFO: [VRFC 10-2263] Analyzing Verilog file "D:/CELab2/ARM-Pipeline-Processor/ARM-Pipeline-Processor.srcs/sources_1/new/mux.v" into library xil_defaultlib
INFO: [VRFC 10-311] analyzing module Mux
INFO: [VRFC 10-2263] Analyzing Verilog file "D:/CELab2/ARM-Pipeline-Processor/ARM-Pipeline-Processor.srcs/sim_1/new/testbench.v" into library xil_defaultlib
INFO: [VRFC 10-311] analyzing module testbench
INFO: [USF-XSim-69] 'compile' step finished in '1' seconds
INFO: [USF-XSim-3] XSim::Elaborate design
INFO: [USF-XSim-61] Executing 'ELABORATE' step in 'D:/CELab2/ARM-Pipeline-Processor/ARM-Pipeline-Processor.sim/sim_1/behav/xsim'
"xelab -wto 415f347581a647f1a1f997d4d2decdd0 --incr --debug typical --relax --mt 2 -L xil_defaultlib -L unisims_ver -L unimacro_ver -L secureip --snapshot testbench_behav xil_defaultlib.testbench xil_defaultlib.glbl -log elaborate.log"
Vivado Simulator 2019.1
Copyright 1986-1999, 2001-2019 Xilinx, Inc. All Rights Reserved.
Running: D:/Xilinx/Vivado/2019.1/bin/unwrapped/win64.o/xelab.exe -wto 415f347581a647f1a1f997d4d2decdd0 --incr --debug typical --relax --mt 2 -L xil_defaultlib -L unisims_ver -L unimacro_ver -L secureip --snapshot testbench_behav xil_defaultlib.testbench xil_defaultlib.glbl -log elaborate.log 
Using 2 slave threads.
Starting static elaboration
WARNING: [VRFC 10-3091] actual bit length 64 differs from formal bit length 32 for port 'DMAddress' [D:/CELab2/ARM-Pipeline-Processor/ARM-Pipeline-Processor.srcs/sim_1/new/testbench.v:85]
WARNING: [VRFC 10-3091] actual bit length 32 differs from formal bit length 1 for port 'selector' [D:/CELab2/ARM-Pipeline-Processor/ARM-Pipeline-Processor.srcs/sources_1/new/datapath.v:56]
Completed static elaboration
Starting simulation data flow analysis
Completed simulation data flow analysis
Time Resolution for simulation is 1ps
Compiling module xil_defaultlib.IM
Compiling module xil_defaultlib.DM
Compiling module xil_defaultlib.Mux
Compiling module xil_defaultlib.Add
Compiling module xil_defaultlib.PC
Compiling module xil_defaultlib.Datapath
Compiling module xil_defaultlib.testbench
Compiling module xil_defaultlib.glbl
Built simulation snapshot testbench_behav
INFO: [USF-XSim-69] 'elaborate' step finished in '3' seconds
INFO: [USF-XSim-4] XSim::Simulate design
INFO: [USF-XSim-61] Executing 'SIMULATE' step in 'D:/CELab2/ARM-Pipeline-Processor/ARM-Pipeline-Processor.sim/sim_1/behav/xsim'
INFO: [USF-XSim-98] *** Running xsim
   with args "testbench_behav -key {Behavioral:sim_1:Functional:testbench} -tclbatch {testbench.tcl} -view {D:/CELab2/ARM-Pipeline-Processor/testbench_behav.wcfg} -log {simulate.log}"
INFO: [USF-XSim-8] Loading simulator feature
Vivado Simulator 2019.1
Time resolution is 1 ps
open_wave_config D:/CELab2/ARM-Pipeline-Processor/testbench_behav.wcfg
source testbench.tcl
# set curr_wave [current_wave_config]
# if { [string length $curr_wave] == 0 } {
#   if { [llength [get_objects]] > 0} {
#     add_wave /
#     set_property needs_save false [current_wave_config]
#   } else {
#      send_msg_id Add_Wave-1 WARNING "No top level signals found. Simulator will start without a wave window. If you want to open a wave window go to 'File->New Waveform Configuration' or type 'create_wave_config' in the TCL console."
#   }
# }
# run 1000ns
ERROR: Out of bounds address specified in datafile. Read terminated.
ERROR: Out of bounds address specified in datafile. Read terminated.
FATAL_ERROR: Iteration limit 10000 is reached. Possible zero delay oscillation detected where simulation time can not advance. Please check your source code. Note that the iteration limit can be changed using switch -maxdeltaid.
Time: 10 ns  Iteration: 10000
INFO: [USF-XSim-96] XSim completed. Design snapshot 'testbench_behav' loaded.
INFO: [USF-XSim-97] XSim simulation ran for 1000ns
launch_simulation: Time (s): cpu = 00:00:04 ; elapsed = 00:00:07 . Memory (MB): peak = 739.098 ; gain = 0.000
add_bp {D:/CELab2/ARM-Pipeline-Processor/ARM-Pipeline-Processor.srcs/sources_1/new/im.v} 15
close_sim
INFO: [Simtcl 6-16] Simulation closed
launch_simulation
INFO: [Vivado 12-5682] Launching behavioral simulation in 'D:/CELab2/ARM-Pipeline-Processor/ARM-Pipeline-Processor.sim/sim_1/behav/xsim'
INFO: [SIM-utils-51] Simulation object is 'sim_1'
INFO: [SIM-utils-54] Inspecting design source files for 'testbench' in fileset 'sim_1'...
INFO: [USF-XSim-97] Finding global include files...
INFO: [USF-XSim-98] Fetching design files from 'sim_1'...
INFO: [USF-XSim-2] XSim::Compile design
INFO: [USF-XSim-61] Executing 'COMPILE and ANALYZE' step in 'D:/CELab2/ARM-Pipeline-Processor/ARM-Pipeline-Processor.sim/sim_1/behav/xsim'
"xvlog --incr --relax -prj testbench_vlog.prj"
INFO: [VRFC 10-2263] Analyzing Verilog file "D:/CELab2/ARM-Pipeline-Processor/ARM-Pipeline-Processor.srcs/sources_1/new/PC.v" into library xil_defaultlib
INFO: [VRFC 10-311] analyzing module PC
INFO: [VRFC 10-2263] Analyzing Verilog file "D:/CELab2/ARM-Pipeline-Processor/ARM-Pipeline-Processor.srcs/sources_1/new/add.v" into library xil_defaultlib
INFO: [VRFC 10-311] analyzing module Add
INFO: [VRFC 10-2263] Analyzing Verilog file "D:/CELab2/ARM-Pipeline-Processor/ARM-Pipeline-Processor.srcs/sources_1/new/datapath.v" into library xil_defaultlib
INFO: [VRFC 10-311] analyzing module Datapath
INFO: [VRFC 10-2263] Analyzing Verilog file "D:/CELab2/ARM-Pipeline-Processor/ARM-Pipeline-Processor.srcs/sources_1/new/dm.v" into library xil_defaultlib
INFO: [VRFC 10-311] analyzing module DM
INFO: [VRFC 10-2263] Analyzing Verilog file "D:/CELab2/ARM-Pipeline-Processor/ARM-Pipeline-Processor.srcs/sources_1/new/im.v" into library xil_defaultlib
INFO: [VRFC 10-311] analyzing module IM
INFO: [VRFC 10-2263] Analyzing Verilog file "D:/CELab2/ARM-Pipeline-Processor/ARM-Pipeline-Processor.srcs/sources_1/new/mux.v" into library xil_defaultlib
INFO: [VRFC 10-311] analyzing module Mux
INFO: [VRFC 10-2263] Analyzing Verilog file "D:/CELab2/ARM-Pipeline-Processor/ARM-Pipeline-Processor.srcs/sim_1/new/testbench.v" into library xil_defaultlib
INFO: [VRFC 10-311] analyzing module testbench
INFO: [USF-XSim-69] 'compile' step finished in '1' seconds
INFO: [USF-XSim-3] XSim::Elaborate design
INFO: [USF-XSim-61] Executing 'ELABORATE' step in 'D:/CELab2/ARM-Pipeline-Processor/ARM-Pipeline-Processor.sim/sim_1/behav/xsim'
"xelab -wto 415f347581a647f1a1f997d4d2decdd0 --incr --debug typical --relax --mt 2 -L xil_defaultlib -L unisims_ver -L unimacro_ver -L secureip --snapshot testbench_behav xil_defaultlib.testbench xil_defaultlib.glbl -log elaborate.log"
Vivado Simulator 2019.1
Copyright 1986-1999, 2001-2019 Xilinx, Inc. All Rights Reserved.
Running: D:/Xilinx/Vivado/2019.1/bin/unwrapped/win64.o/xelab.exe -wto 415f347581a647f1a1f997d4d2decdd0 --incr --debug typical --relax --mt 2 -L xil_defaultlib -L unisims_ver -L unimacro_ver -L secureip --snapshot testbench_behav xil_defaultlib.testbench xil_defaultlib.glbl -log elaborate.log 
Using 2 slave threads.
Starting static elaboration
WARNING: [VRFC 10-3091] actual bit length 64 differs from formal bit length 32 for port 'DMAddress' [D:/CELab2/ARM-Pipeline-Processor/ARM-Pipeline-Processor.srcs/sim_1/new/testbench.v:85]
WARNING: [VRFC 10-3091] actual bit length 32 differs from formal bit length 1 for port 'selector' [D:/CELab2/ARM-Pipeline-Processor/ARM-Pipeline-Processor.srcs/sources_1/new/datapath.v:56]
Completed static elaboration
Starting simulation data flow analysis
Completed simulation data flow analysis
Time Resolution for simulation is 1ps
Compiling module xil_defaultlib.IM
Compiling module xil_defaultlib.DM
Compiling module xil_defaultlib.Mux
Compiling module xil_defaultlib.Add
Compiling module xil_defaultlib.PC
Compiling module xil_defaultlib.Datapath
Compiling module xil_defaultlib.testbench
Compiling module xil_defaultlib.glbl
Built simulation snapshot testbench_behav
INFO: [USF-XSim-69] 'elaborate' step finished in '3' seconds
INFO: [USF-XSim-4] XSim::Simulate design
INFO: [USF-XSim-61] Executing 'SIMULATE' step in 'D:/CELab2/ARM-Pipeline-Processor/ARM-Pipeline-Processor.sim/sim_1/behav/xsim'
INFO: [USF-XSim-98] *** Running xsim
   with args "testbench_behav -key {Behavioral:sim_1:Functional:testbench} -tclbatch {testbench.tcl} -view {D:/CELab2/ARM-Pipeline-Processor/testbench_behav.wcfg} -log {simulate.log}"
INFO: [USF-XSim-8] Loading simulator feature
Vivado Simulator 2019.1
Time resolution is 1 ps
open_wave_config D:/CELab2/ARM-Pipeline-Processor/testbench_behav.wcfg
source testbench.tcl
# set curr_wave [current_wave_config]
# if { [string length $curr_wave] == 0 } {
#   if { [llength [get_objects]] > 0} {
#     add_wave /
#     set_property needs_save false [current_wave_config]
#   } else {
#      send_msg_id Add_Wave-1 WARNING "No top level signals found. Simulator will start without a wave window. If you want to open a wave window go to 'File->New Waveform Configuration' or type 'create_wave_config' in the TCL console."
#   }
# }
# run 1000ns
Stopped at time : 0 fs : File "D:/CELab2/ARM-Pipeline-Processor/ARM-Pipeline-Processor.srcs/sources_1/new/im.v" Line 15
INFO: [USF-XSim-96] XSim completed. Design snapshot 'testbench_behav' loaded.
INFO: [USF-XSim-97] XSim simulation ran for 1000ns
launch_simulation: Time (s): cpu = 00:00:05 ; elapsed = 00:00:08 . Memory (MB): peak = 742.539 ; gain = 3.441
run all
ERROR: Out of bounds address specified in datafile. Read terminated.
ERROR: Out of bounds address specified in datafile. Read terminated.
Stopped at time : 0 fs : File "D:/CELab2/ARM-Pipeline-Processor/ARM-Pipeline-Processor.srcs/sources_1/new/im.v" Line 15
run all
Stopped at time : 0 fs : File "D:/CELab2/ARM-Pipeline-Processor/ARM-Pipeline-Processor.srcs/sources_1/new/im.v" Line 15
run all
Stopped at time : 10 ns : File "D:/CELab2/ARM-Pipeline-Processor/ARM-Pipeline-Processor.srcs/sources_1/new/im.v" Line 15
run all
Stopped at time : 10 ns : File "D:/CELab2/ARM-Pipeline-Processor/ARM-Pipeline-Processor.srcs/sources_1/new/im.v" Line 15
run all
Stopped at time : 10 ns : File "D:/CELab2/ARM-Pipeline-Processor/ARM-Pipeline-Processor.srcs/sources_1/new/im.v" Line 15
run all
Stopped at time : 10 ns : File "D:/CELab2/ARM-Pipeline-Processor/ARM-Pipeline-Processor.srcs/sources_1/new/im.v" Line 15
run all
Stopped at time : 10 ns : File "D:/CELab2/ARM-Pipeline-Processor/ARM-Pipeline-Processor.srcs/sources_1/new/im.v" Line 15
run all
Stopped at time : 10 ns : File "D:/CELab2/ARM-Pipeline-Processor/ARM-Pipeline-Processor.srcs/sources_1/new/im.v" Line 15
run all
Stopped at time : 10 ns : File "D:/CELab2/ARM-Pipeline-Processor/ARM-Pipeline-Processor.srcs/sources_1/new/im.v" Line 15
run all
Stopped at time : 10 ns : File "D:/CELab2/ARM-Pipeline-Processor/ARM-Pipeline-Processor.srcs/sources_1/new/im.v" Line 15
run all
Stopped at time : 10 ns : File "D:/CELab2/ARM-Pipeline-Processor/ARM-Pipeline-Processor.srcs/sources_1/new/im.v" Line 15
run all
Stopped at time : 10 ns : File "D:/CELab2/ARM-Pipeline-Processor/ARM-Pipeline-Processor.srcs/sources_1/new/im.v" Line 15
run all
Stopped at time : 10 ns : File "D:/CELab2/ARM-Pipeline-Processor/ARM-Pipeline-Processor.srcs/sources_1/new/im.v" Line 15
remove_bps -file {D:/CELab2/ARM-Pipeline-Processor/ARM-Pipeline-Processor.srcs/sources_1/new/im.v} -line 15
run all
FATAL_ERROR: Iteration limit 10000 is reached. Possible zero delay oscillation detected where simulation time can not advance. Please check your source code. Note that the iteration limit can be changed using switch -maxdeltaid.
Time: 10 ns  Iteration: 10000
close_sim
INFO: [Simtcl 6-16] Simulation closed
launch_simulation
INFO: [Vivado 12-5682] Launching behavioral simulation in 'D:/CELab2/ARM-Pipeline-Processor/ARM-Pipeline-Processor.sim/sim_1/behav/xsim'
INFO: [SIM-utils-51] Simulation object is 'sim_1'
INFO: [SIM-utils-54] Inspecting design source files for 'testbench' in fileset 'sim_1'...
INFO: [USF-XSim-97] Finding global include files...
INFO: [USF-XSim-98] Fetching design files from 'sim_1'...
INFO: [USF-XSim-2] XSim::Compile design
INFO: [USF-XSim-61] Executing 'COMPILE and ANALYZE' step in 'D:/CELab2/ARM-Pipeline-Processor/ARM-Pipeline-Processor.sim/sim_1/behav/xsim'
"xvlog --incr --relax -prj testbench_vlog.prj"
INFO: [VRFC 10-2263] Analyzing Verilog file "D:/CELab2/ARM-Pipeline-Processor/ARM-Pipeline-Processor.srcs/sources_1/new/PC.v" into library xil_defaultlib
INFO: [VRFC 10-311] analyzing module PC
INFO: [VRFC 10-2263] Analyzing Verilog file "D:/CELab2/ARM-Pipeline-Processor/ARM-Pipeline-Processor.srcs/sources_1/new/add.v" into library xil_defaultlib
INFO: [VRFC 10-311] analyzing module Add
INFO: [VRFC 10-2263] Analyzing Verilog file "D:/CELab2/ARM-Pipeline-Processor/ARM-Pipeline-Processor.srcs/sources_1/new/datapath.v" into library xil_defaultlib
INFO: [VRFC 10-311] analyzing module Datapath
INFO: [VRFC 10-2263] Analyzing Verilog file "D:/CELab2/ARM-Pipeline-Processor/ARM-Pipeline-Processor.srcs/sources_1/new/dm.v" into library xil_defaultlib
INFO: [VRFC 10-311] analyzing module DM
INFO: [VRFC 10-2263] Analyzing Verilog file "D:/CELab2/ARM-Pipeline-Processor/ARM-Pipeline-Processor.srcs/sources_1/new/im.v" into library xil_defaultlib
INFO: [VRFC 10-311] analyzing module IM
INFO: [VRFC 10-2263] Analyzing Verilog file "D:/CELab2/ARM-Pipeline-Processor/ARM-Pipeline-Processor.srcs/sources_1/new/mux.v" into library xil_defaultlib
INFO: [VRFC 10-311] analyzing module Mux
INFO: [VRFC 10-2263] Analyzing Verilog file "D:/CELab2/ARM-Pipeline-Processor/ARM-Pipeline-Processor.srcs/sim_1/new/testbench.v" into library xil_defaultlib
INFO: [VRFC 10-311] analyzing module testbench
INFO: [USF-XSim-69] 'compile' step finished in '1' seconds
INFO: [USF-XSim-3] XSim::Elaborate design
INFO: [USF-XSim-61] Executing 'ELABORATE' step in 'D:/CELab2/ARM-Pipeline-Processor/ARM-Pipeline-Processor.sim/sim_1/behav/xsim'
"xelab -wto 415f347581a647f1a1f997d4d2decdd0 --incr --debug typical --relax --mt 2 -L xil_defaultlib -L unisims_ver -L unimacro_ver -L secureip --snapshot testbench_behav xil_defaultlib.testbench xil_defaultlib.glbl -log elaborate.log"
Vivado Simulator 2019.1
Copyright 1986-1999, 2001-2019 Xilinx, Inc. All Rights Reserved.
Running: D:/Xilinx/Vivado/2019.1/bin/unwrapped/win64.o/xelab.exe -wto 415f347581a647f1a1f997d4d2decdd0 --incr --debug typical --relax --mt 2 -L xil_defaultlib -L unisims_ver -L unimacro_ver -L secureip --snapshot testbench_behav xil_defaultlib.testbench xil_defaultlib.glbl -log elaborate.log 
Using 2 slave threads.
Starting static elaboration
WARNING: [VRFC 10-3091] actual bit length 64 differs from formal bit length 32 for port 'DMAddress' [D:/CELab2/ARM-Pipeline-Processor/ARM-Pipeline-Processor.srcs/sim_1/new/testbench.v:85]
WARNING: [VRFC 10-3091] actual bit length 32 differs from formal bit length 1 for port 'selector' [D:/CELab2/ARM-Pipeline-Processor/ARM-Pipeline-Processor.srcs/sources_1/new/datapath.v:56]
Completed static elaboration
Starting simulation data flow analysis
Completed simulation data flow analysis
Time Resolution for simulation is 1ps
Compiling module xil_defaultlib.IM
Compiling module xil_defaultlib.DM
Compiling module xil_defaultlib.Mux
Compiling module xil_defaultlib.Add
Compiling module xil_defaultlib.PC
Compiling module xil_defaultlib.Datapath
Compiling module xil_defaultlib.testbench
Compiling module xil_defaultlib.glbl
Built simulation snapshot testbench_behav
INFO: [USF-XSim-69] 'elaborate' step finished in '3' seconds
INFO: [USF-XSim-4] XSim::Simulate design
INFO: [USF-XSim-61] Executing 'SIMULATE' step in 'D:/CELab2/ARM-Pipeline-Processor/ARM-Pipeline-Processor.sim/sim_1/behav/xsim'
INFO: [USF-XSim-98] *** Running xsim
   with args "testbench_behav -key {Behavioral:sim_1:Functional:testbench} -tclbatch {testbench.tcl} -view {D:/CELab2/ARM-Pipeline-Processor/testbench_behav.wcfg} -log {simulate.log}"
INFO: [USF-XSim-8] Loading simulator feature
Vivado Simulator 2019.1
Time resolution is 1 ps
open_wave_config D:/CELab2/ARM-Pipeline-Processor/testbench_behav.wcfg
source testbench.tcl
# set curr_wave [current_wave_config]
# if { [string length $curr_wave] == 0 } {
#   if { [llength [get_objects]] > 0} {
#     add_wave /
#     set_property needs_save false [current_wave_config]
#   } else {
#      send_msg_id Add_Wave-1 WARNING "No top level signals found. Simulator will start without a wave window. If you want to open a wave window go to 'File->New Waveform Configuration' or type 'create_wave_config' in the TCL console."
#   }
# }
# run 1000ns
ERROR: Out of bounds address specified in datafile. Read terminated.
ERROR: Out of bounds address specified in datafile. Read terminated.
FATAL_ERROR: Iteration limit 10000 is reached. Possible zero delay oscillation detected where simulation time can not advance. Please check your source code. Note that the iteration limit can be changed using switch -maxdeltaid.
Time: 10 ns  Iteration: 10000
INFO: [USF-XSim-96] XSim completed. Design snapshot 'testbench_behav' loaded.
INFO: [USF-XSim-97] XSim simulation ran for 1000ns
launch_simulation: Time (s): cpu = 00:00:05 ; elapsed = 00:00:07 . Memory (MB): peak = 752.543 ; gain = 5.469
close_sim
INFO: [Simtcl 6-16] Simulation closed
exit
INFO: [Common 17-206] Exiting Vivado at Thu Mar  4 22:16:49 2021...
